<?xml version="1.0" encoding="UTF-8"?>
<!-- Generated by org.testng.reporters.JUnitReportReporter -->
<testsuite skipped="0" hostname="user-PC" name="com.catalog.pages.TestCases" tests="10" failures="0" timestamp="20 Jul 2017 18:36:39 GMT" time="166.154" errors="1">
  <testcase name="Testcase8" time="16.123" classname="com.catalog.pages.TestCases"/>
  <testcase name="Testcase10" time="19.285" classname="com.catalog.pages.TestCases"/>
  <testcase name="Testcase6" time="15.588" classname="com.catalog.pages.TestCases"/>
  <testcase name="Testcase4" time="16.983" classname="com.catalog.pages.TestCases"/>
  <testcase name="Testcase5" time="15.254" classname="com.catalog.pages.TestCases"/>
  <testcase name="ReturningCustomer12" time="18.509" classname="com.catalog.pages.TestCases"/>
  <testcase name="Testcase3" time="16.916" classname="com.catalog.pages.TestCases"/>
  <testcase name="Testcase7" time="16.167" classname="com.catalog.pages.TestCases"/>
  <testcase name="Testcase9" time="17.188" classname="com.catalog.pages.TestCases"/>
  <testcase name="Links" time="14.141" classname="com.catalog.pages.TestCases">
    <error type="java.lang.IndexOutOfBoundsException" message="Index: 43, Size: 43">
      <![CDATA[java.lang.IndexOutOfBoundsException: Index: 43, Size: 43
	at java.util.ArrayList.rangeCheck(Unknown Source)
	at java.util.ArrayList.get(Unknown Source)
	at com.catalog.pages.TestCases.Links(TestCases.java:307)
	at sun.reflect.NativeMethodAccessorImpl.invoke0(Native Method)
	at sun.reflect.NativeMethodAccessorImpl.invoke(Unknown Source)
	at sun.reflect.DelegatingMethodAccessorImpl.invoke(Unknown Source)
	at java.lang.reflect.Method.invoke(Unknown Source)
	at org.testng.internal.MethodInvocationHelper.invokeMethod(MethodInvocationHelper.java:108)
	at org.testng.internal.Invoker.invokeMethod(Invoker.java:661)
	at org.testng.internal.Invoker.invokeTestMethod(Invoker.java:869)
	at org.testng.internal.Invoker.invokeTestMethods(Invoker.java:1193)
	at org.testng.internal.TestMethodWorker.invokeTestMethods(TestMethodWorker.java:126)
	at org.testng.internal.TestMethodWorker.run(TestMethodWorker.java:109)
	at org.testng.TestRunner.privateRun(TestRunner.java:744)
	at org.testng.TestRunner.run(TestRunner.java:602)
	at org.testng.SuiteRunner.runTest(SuiteRunner.java:380)
	at org.testng.SuiteRunner.runSequentially(SuiteRunner.java:375)
	at org.testng.SuiteRunner.privateRun(SuiteRunner.java:340)
	at org.testng.SuiteRunner.run(SuiteRunner.java:289)
	at org.testng.SuiteRunnerWorker.runSuite(SuiteRunnerWorker.java:52)
	at org.testng.SuiteRunnerWorker.run(SuiteRunnerWorker.java:86)
	at org.testng.TestNG.runSuitesSequentially(TestNG.java:1301)
	at org.testng.TestNG.runSuitesLocally(TestNG.java:1226)
	at org.testng.TestNG.runSuites(TestNG.java:1144)
	at org.testng.TestNG.run(TestNG.java:1115)
	at org.testng.remote.AbstractRemoteTestNG.run(AbstractRemoteTestNG.java:132)
	at org.testng.remote.RemoteTestNG.initAndRun(RemoteTestNG.java:230)
	at org.testng.remote.RemoteTestNG.main(RemoteTestNG.java:76)
]]>
    </error>
  </testcase> <!-- Links -->
</testsuite> <!-- com.catalog.pages.TestCases -->
